<?xml version="1.0" encoding="UTF-8"?>
<testng-results ignored="0" total="1" passed="1" failed="0" skipped="0">
  <reporter-output>
    <line>
      <![CDATA[Extent Report DirectoryC:\Users\alita\eclipse-workspace\WebAutomationFrameWork\Amazon\target\surefire-reports\html]]>
    </line>
  </reporter-output>
  <suite started-at="2021-04-19T01:36:42 EDT" name="AmazonTestSuit" finished-at="2021-04-19T01:36:53 EDT" duration-ms="10208">
    <groups>
    </groups>
    <test started-at="2021-04-19T01:36:42 EDT" name="Amazon Automation" finished-at="2021-04-19T01:36:53 EDT" duration-ms="10208">
      <class name="homepagetest.HomePageTest">
        <test-method is-config="true" signature="extentSetup(org.testng.ITestContext)[pri:0, instance:homepagetest.HomePageTest@51f116b8]" started-at="2021-04-19T01:36:42 EDT" name="extentSetup" finished-at="2021-04-19T01:36:42 EDT" duration-ms="185" status="PASS">
          <params>
            <param index="0">
              <value>
                <![CDATA[org.testng.TestRunner@2d5f7182]]>
              </value>
            </param>
          </params>
          <reporter-output>
            <line>
              <![CDATA[Extent Report DirectoryC:\Users\alita\eclipse-workspace\WebAutomationFrameWork\Amazon\target\surefire-reports\html]]>
            </line>
          </reporter-output>
        </test-method> <!-- extentSetup -->
        <test-method is-config="true" signature="setUp(boolean, java.lang.String, java.lang.String, java.lang.String, java.lang.String, java.lang.String, java.lang.String)[pri:0, instance:homepagetest.HomePageTest@51f116b8]" started-at="2021-04-19T01:36:42 EDT" name="setUp" finished-at="2021-04-19T01:36:46 EDT" duration-ms="3378" status="PASS">
          <params>
            <param index="0">
              <value>
                <![CDATA[false]]>
              </value>
            </param>
            <param index="1">
              <value>
                <![CDATA[browserStack]]>
              </value>
            </param>
            <param index="2">
              <value>
                <![CDATA[windows]]>
              </value>
            </param>
            <param index="3">
              <value>
                <![CDATA[10]]>
              </value>
            </param>
            <param index="4">
              <value>
                <![CDATA[chrome]]>
              </value>
            </param>
            <param index="5">
              <value>
                <![CDATA[86]]>
              </value>
            </param>
            <param index="6">
              <value>
                <![CDATA[https://www.amazon.com/]]>
              </value>
            </param>
          </params>
          <reporter-output>
          </reporter-output>
        </test-method> <!-- setUp -->
        <test-method is-config="true" signature="startExtent(java.lang.reflect.Method)[pri:0, instance:homepagetest.HomePageTest@51f116b8]" started-at="2021-04-19T01:36:46 EDT" name="startExtent" finished-at="2021-04-19T01:36:46 EDT" duration-ms="9" status="PASS">
          <params>
            <param index="0">
              <value>
                <![CDATA[public void homepagetest.HomePageTest.testSearchBox() throws java.lang.InterruptedException]]>
              </value>
            </param>
          </params>
          <reporter-output>
          </reporter-output>
        </test-method> <!-- startExtent -->
        <test-method is-config="true" signature="getInit()[pri:0, instance:homepagetest.HomePageTest@51f116b8]" started-at="2021-04-19T01:36:46 EDT" name="getInit" finished-at="2021-04-19T01:36:46 EDT" duration-ms="51" status="PASS">
          <reporter-output>
          </reporter-output>
        </test-method> <!-- getInit -->
        <test-method signature="testSearchBox()[pri:0, instance:homepagetest.HomePageTest@51f116b8]" started-at="2021-04-19T01:36:46 EDT" name="testSearchBox" finished-at="2021-04-19T01:36:52 EDT" duration-ms="6257" status="PASS">
          <reporter-output>
          </reporter-output>
        </test-method> <!-- testSearchBox -->
        <test-method is-config="true" signature="afterEachTestMethod(org.testng.ITestResult)[pri:0, instance:homepagetest.HomePageTest@51f116b8]" started-at="2021-04-19T01:36:52 EDT" name="afterEachTestMethod" finished-at="2021-04-19T01:36:53 EDT" duration-ms="471" status="PASS">
          <params>
            <param index="0">
              <value>
                <![CDATA[[TestResult name=testSearchBox status=SUCCESS method=HomePageTest.testSearchBox()[pri:0, instance:homepagetest.HomePageTest@51f116b8] output={null}]]]>
              </value>
            </param>
          </params>
          <reporter-output>
          </reporter-output>
        </test-method> <!-- afterEachTestMethod -->
        <test-method is-config="true" signature="cleanUp()[pri:0, instance:homepagetest.HomePageTest@51f116b8]" started-at="2021-04-19T01:36:53 EDT" name="cleanUp" finished-at="2021-04-19T01:36:53 EDT" duration-ms="1" status="PASS">
          <reporter-output>
          </reporter-output>
        </test-method> <!-- cleanUp -->
        <test-method is-config="true" signature="generateReport()[pri:0, instance:homepagetest.HomePageTest@51f116b8]" started-at="2021-04-19T01:36:53 EDT" name="generateReport" finished-at="2021-04-19T01:36:53 EDT" duration-ms="69" status="PASS">
          <reporter-output>
          </reporter-output>
        </test-method> <!-- generateReport -->
      </class> <!-- homepagetest.HomePageTest -->
    </test> <!-- Amazon Automation -->
  </suite> <!-- AmazonTestSuit -->
</testng-results>
